<?xml version="1.0" encoding="UTF-8"?>
<testng-results ignored="0" total="1" passed="1" failed="0" skipped="0">
  <reporter-output>
  </reporter-output>
  <suite started-at="2022-08-25T20:20:38 IST" name="Default suite" finished-at="2022-08-25T20:21:09 IST" duration-ms="31162">
    <groups>
    </groups>
    <test started-at="2022-08-25T20:20:38 IST" name="Default test" finished-at="2022-08-25T20:21:09 IST" duration-ms="31162">
      <class name="dream11project.verifytheMatchCardTest">
        <test-method is-config="true" signature="serverstart()[pri:0, instance:dream11project.verifytheMatchCardTest@c430e6c]" started-at="2022-08-25T20:20:38 IST" name="serverstart" finished-at="2022-08-25T20:20:39 IST" duration-ms="1443" status="PASS">
          <reporter-output>
          </reporter-output>
        </test-method> <!-- serverstart -->
        <test-method is-config="true" signature="openApp()[pri:0, instance:dream11project.verifytheMatchCardTest@c430e6c]" started-at="2022-08-25T20:20:39 IST" name="openApp" finished-at="2022-08-25T20:20:53 IST" duration-ms="13773" status="PASS">
          <reporter-output>
          </reporter-output>
        </test-method> <!-- openApp -->
        <test-method signature="verifytheMatchcard()[pri:0, instance:dream11project.verifytheMatchCardTest@c430e6c]" started-at="2022-08-25T20:20:53 IST" name="verifytheMatchcard" finished-at="2022-08-25T20:21:09 IST" duration-ms="15584" status="PASS">
          <reporter-output>
          </reporter-output>
        </test-method> <!-- verifytheMatchcard -->
        <test-method is-config="true" signature="closeApp()[pri:0, instance:dream11project.verifytheMatchCardTest@c430e6c]" started-at="2022-08-25T20:21:09 IST" name="closeApp" finished-at="2022-08-25T20:21:09 IST" duration-ms="301" status="PASS">
          <reporter-output>
          </reporter-output>
        </test-method> <!-- closeApp -->
        <test-method is-config="true" signature="closeserver()[pri:0, instance:dream11project.verifytheMatchCardTest@c430e6c]" started-at="2022-08-25T20:21:09 IST" name="closeserver" finished-at="2022-08-25T20:21:09 IST" duration-ms="0" status="PASS">
          <reporter-output>
          </reporter-output>
        </test-method> <!-- closeserver -->
      </class> <!-- dream11project.verifytheMatchCardTest -->
    </test> <!-- Default test -->
  </suite> <!-- Default suite -->
</testng-results>
